2024/06/06 17:05:58 [notice] 1#1: using the "epoll" event method
2024/06/06 17:05:58 [notice] 1#1: nginx/1.25.5
2024/06/06 17:05:58 [notice] 1#1: built by gcc 12.2.0 (Debian 12.2.0-14) 
2024/06/06 17:05:58 [notice] 1#1: OS: Linux 5.15.146.1-microsoft-standard-WSL2
2024/06/06 17:05:58 [notice] 1#1: getrlimit(RLIMIT_NOFILE): 1048576:1048576
2024/06/06 17:05:58 [notice] 1#1: start worker processes
2024/06/06 17:05:58 [notice] 1#1: start worker process 20
2024/06/06 17:05:58 [notice] 1#1: start worker process 21
2024/06/06 17:05:58 [notice] 1#1: start worker process 22
2024/06/06 17:05:58 [notice] 1#1: start worker process 23
2024/06/06 17:05:58 [notice] 1#1: start worker process 24
2024/06/06 17:05:58 [notice] 1#1: start worker process 25
2024/06/06 17:05:58 [notice] 1#1: start worker process 26
2024/06/06 17:05:58 [notice] 1#1: start worker process 27
2024/06/06 17:05:58 [notice] 1#1: start worker process 28
2024/06/06 17:05:58 [notice] 1#1: start worker process 29
2024/06/06 17:05:58 [notice] 1#1: start worker process 30
2024/06/06 17:05:58 [notice] 1#1: start worker process 31
2024/06/06 17:20:56 [notice] 1#1: signal 3 (SIGQUIT) received, shutting down
2024/06/06 17:20:56 [notice] 20#20: gracefully shutting down
2024/06/06 17:20:56 [notice] 20#20: exiting
2024/06/06 17:20:56 [notice] 28#28: gracefully shutting down
2024/06/06 17:20:56 [notice] 26#26: gracefully shutting down
2024/06/06 17:20:56 [notice] 25#25: gracefully shutting down
2024/06/06 17:20:56 [notice] 23#23: gracefully shutting down
2024/06/06 17:20:56 [notice] 24#24: gracefully shutting down
2024/06/06 17:20:56 [notice] 21#21: gracefully shutting down
2024/06/06 17:20:56 [notice] 31#31: gracefully shutting down
2024/06/06 17:20:56 [notice] 30#30: gracefully shutting down
2024/06/06 17:20:56 [notice] 22#22: gracefully shutting down
2024/06/06 17:20:56 [notice] 29#29: gracefully shutting down
2024/06/06 17:20:56 [notice] 27#27: gracefully shutting down
2024/06/06 17:20:56 [notice] 20#20: exit
2024/06/06 17:20:56 [notice] 28#28: exiting
2024/06/06 17:20:56 [notice] 26#26: exiting
2024/06/06 17:20:56 [notice] 25#25: exiting
2024/06/06 17:20:56 [notice] 23#23: exiting
2024/06/06 17:20:56 [notice] 24#24: exiting
2024/06/06 17:20:56 [notice] 21#21: exiting
2024/06/06 17:20:56 [notice] 31#31: exiting
2024/06/06 17:20:56 [notice] 30#30: exiting
2024/06/06 17:20:56 [notice] 22#22: exiting
2024/06/06 17:20:56 [notice] 29#29: exiting
2024/06/06 17:20:56 [notice] 27#27: exiting
2024/06/06 17:20:56 [notice] 28#28: exit
2024/06/06 17:20:56 [notice] 26#26: exit
2024/06/06 17:20:56 [notice] 25#25: exit
2024/06/06 17:20:56 [notice] 23#23: exit
2024/06/06 17:20:56 [notice] 24#24: exit
2024/06/06 17:20:56 [notice] 21#21: exit
2024/06/06 17:20:56 [notice] 31#31: exit
2024/06/06 17:20:56 [notice] 30#30: exit
2024/06/06 17:20:56 [notice] 22#22: exit
2024/06/06 17:20:56 [notice] 29#29: exit
2024/06/06 17:20:56 [notice] 27#27: exit
2024/06/06 17:20:56 [notice] 1#1: signal 17 (SIGCHLD) received from 21
2024/06/06 17:20:56 [notice] 1#1: worker process 21 exited with code 0
2024/06/06 17:20:56 [notice] 1#1: worker process 22 exited with code 0
2024/06/06 17:20:56 [notice] 1#1: signal 29 (SIGIO) received
2024/06/06 17:20:56 [notice] 1#1: signal 17 (SIGCHLD) received from 22
2024/06/06 17:20:56 [notice] 1#1: signal 17 (SIGCHLD) received from 23
2024/06/06 17:20:56 [notice] 1#1: worker process 23 exited with code 0
2024/06/06 17:20:56 [notice] 1#1: signal 29 (SIGIO) received
2024/06/06 17:20:56 [notice] 1#1: signal 17 (SIGCHLD) received from 30
2024/06/06 17:20:56 [notice] 1#1: worker process 20 exited with code 0
2024/06/06 17:20:56 [notice] 1#1: worker process 24 exited with code 0
2024/06/06 17:20:56 [notice] 1#1: worker process 25 exited with code 0
2024/06/06 17:20:56 [notice] 1#1: worker process 30 exited with code 0
2024/06/06 17:20:56 [notice] 1#1: worker process 31 exited with code 0
2024/06/06 17:20:56 [notice] 1#1: signal 29 (SIGIO) received
2024/06/06 17:20:56 [notice] 1#1: signal 17 (SIGCHLD) received from 31
2024/06/06 17:20:56 [notice] 1#1: signal 17 (SIGCHLD) received from 26
2024/06/06 17:20:56 [notice] 1#1: worker process 26 exited with code 0
2024/06/06 17:20:56 [notice] 1#1: worker process 29 exited with code 0
2024/06/06 17:20:56 [notice] 1#1: signal 29 (SIGIO) received
2024/06/06 17:20:56 [notice] 1#1: signal 17 (SIGCHLD) received from 29
2024/06/06 17:20:56 [notice] 1#1: signal 17 (SIGCHLD) received from 28
2024/06/06 17:20:56 [notice] 1#1: worker process 27 exited with code 0
2024/06/06 17:20:56 [notice] 1#1: worker process 28 exited with code 0
2024/06/06 17:20:56 [notice] 1#1: exit
2024/06/06 17:21:56 [notice] 1#1: using the "epoll" event method
2024/06/06 17:21:56 [notice] 1#1: nginx/1.25.5
2024/06/06 17:21:56 [notice] 1#1: built by gcc 12.2.0 (Debian 12.2.0-14) 
2024/06/06 17:21:56 [notice] 1#1: OS: Linux 5.15.146.1-microsoft-standard-WSL2
2024/06/06 17:21:56 [notice] 1#1: getrlimit(RLIMIT_NOFILE): 1048576:1048576
2024/06/06 17:21:56 [notice] 1#1: start worker processes
2024/06/06 17:21:56 [notice] 1#1: start worker process 20
2024/06/06 17:21:56 [notice] 1#1: start worker process 21
2024/06/06 17:21:56 [notice] 1#1: start worker process 22
2024/06/06 17:21:56 [notice] 1#1: start worker process 23
2024/06/06 17:21:56 [notice] 1#1: start worker process 24
2024/06/06 17:21:56 [notice] 1#1: start worker process 25
2024/06/06 17:21:56 [notice] 1#1: start worker process 26
2024/06/06 17:21:56 [notice] 1#1: start worker process 27
2024/06/06 17:21:56 [notice] 1#1: start worker process 28
2024/06/06 17:21:56 [notice] 1#1: start worker process 29
2024/06/06 17:21:56 [notice] 1#1: start worker process 30
2024/06/06 17:21:56 [notice] 1#1: start worker process 31
2024/06/06 17:24:12 [notice] 1#1: signal 3 (SIGQUIT) received, shutting down
2024/06/06 17:24:12 [notice] 20#20: gracefully shutting down
2024/06/06 17:24:12 [notice] 20#20: exiting
2024/06/06 17:24:12 [notice] 21#21: gracefully shutting down
2024/06/06 17:24:12 [notice] 24#24: gracefully shutting down
2024/06/06 17:24:12 [notice] 26#26: gracefully shutting down
2024/06/06 17:24:12 [notice] 23#23: gracefully shutting down
2024/06/06 17:24:12 [notice] 28#28: gracefully shutting down
2024/06/06 17:24:12 [notice] 27#27: gracefully shutting down
2024/06/06 17:24:12 [notice] 30#30: gracefully shutting down
2024/06/06 17:24:12 [notice] 30#30: exiting
2024/06/06 17:24:12 [notice] 25#25: gracefully shutting down
2024/06/06 17:24:12 [notice] 31#31: gracefully shutting down
2024/06/06 17:24:12 [notice] 22#22: gracefully shutting down
2024/06/06 17:24:12 [notice] 29#29: gracefully shutting down
2024/06/06 17:24:12 [notice] 20#20: exit
2024/06/06 17:24:12 [notice] 21#21: exiting
2024/06/06 17:24:12 [notice] 24#24: exiting
2024/06/06 17:24:12 [notice] 26#26: exiting
2024/06/06 17:24:12 [notice] 23#23: exiting
2024/06/06 17:24:12 [notice] 28#28: exiting
2024/06/06 17:24:12 [notice] 27#27: exiting
2024/06/06 17:24:12 [notice] 25#25: exiting
2024/06/06 17:24:12 [notice] 31#31: exiting
2024/06/06 17:24:12 [notice] 30#30: exit
2024/06/06 17:24:12 [notice] 22#22: exiting
2024/06/06 17:24:12 [notice] 29#29: exiting
2024/06/06 17:24:12 [notice] 21#21: exit
2024/06/06 17:24:12 [notice] 24#24: exit
2024/06/06 17:24:12 [notice] 26#26: exit
2024/06/06 17:24:12 [notice] 23#23: exit
2024/06/06 17:24:12 [notice] 28#28: exit
2024/06/06 17:24:12 [notice] 27#27: exit
2024/06/06 17:24:12 [notice] 25#25: exit
2024/06/06 17:24:12 [notice] 31#31: exit
2024/06/06 17:24:12 [notice] 22#22: exit
2024/06/06 17:24:12 [notice] 29#29: exit
2024/06/06 17:24:13 [notice] 1#1: signal 17 (SIGCHLD) received from 20
2024/06/06 17:24:13 [notice] 1#1: worker process 20 exited with code 0
2024/06/06 17:24:13 [notice] 1#1: signal 29 (SIGIO) received
2024/06/06 17:24:13 [notice] 1#1: signal 17 (SIGCHLD) received from 24
2024/06/06 17:24:13 [notice] 1#1: worker process 24 exited with code 0
2024/06/06 17:24:13 [notice] 1#1: worker process 27 exited with code 0
2024/06/06 17:24:13 [notice] 1#1: worker process 28 exited with code 0
2024/06/06 17:24:13 [notice] 1#1: signal 29 (SIGIO) received
2024/06/06 17:24:13 [notice] 1#1: signal 17 (SIGCHLD) received from 26
2024/06/06 17:24:13 [notice] 1#1: worker process 21 exited with code 0
2024/06/06 17:24:13 [notice] 1#1: worker process 22 exited with code 0
2024/06/06 17:24:13 [notice] 1#1: worker process 26 exited with code 0
2024/06/06 17:24:13 [notice] 1#1: worker process 30 exited with code 0
2024/06/06 17:24:13 [notice] 1#1: signal 29 (SIGIO) received
2024/06/06 17:24:13 [notice] 1#1: signal 17 (SIGCHLD) received from 31
2024/06/06 17:24:13 [notice] 1#1: worker process 29 exited with code 0
2024/06/06 17:24:13 [notice] 1#1: worker process 31 exited with code 0
2024/06/06 17:24:13 [notice] 1#1: signal 29 (SIGIO) received
2024/06/06 17:24:13 [notice] 1#1: signal 17 (SIGCHLD) received from 25
2024/06/06 17:24:13 [notice] 1#1: worker process 23 exited with code 0
2024/06/06 17:24:13 [notice] 1#1: worker process 25 exited with code 0
2024/06/06 17:24:13 [notice] 1#1: exit
2024/06/06 17:24:22 [notice] 1#1: using the "epoll" event method
2024/06/06 17:24:22 [notice] 1#1: nginx/1.25.5
2024/06/06 17:24:22 [notice] 1#1: built by gcc 12.2.0 (Debian 12.2.0-14) 
2024/06/06 17:24:22 [notice] 1#1: OS: Linux 5.15.146.1-microsoft-standard-WSL2
2024/06/06 17:24:22 [notice] 1#1: getrlimit(RLIMIT_NOFILE): 1048576:1048576
2024/06/06 17:24:22 [notice] 1#1: start worker processes
2024/06/06 17:24:22 [notice] 1#1: start worker process 20
2024/06/06 17:24:22 [notice] 1#1: start worker process 21
2024/06/06 17:24:22 [notice] 1#1: start worker process 22
2024/06/06 17:24:22 [notice] 1#1: start worker process 23
2024/06/06 17:24:22 [notice] 1#1: start worker process 24
2024/06/06 17:24:22 [notice] 1#1: start worker process 25
2024/06/06 17:24:22 [notice] 1#1: start worker process 26
2024/06/06 17:24:22 [notice] 1#1: start worker process 27
2024/06/06 17:24:22 [notice] 1#1: start worker process 28
2024/06/06 17:24:22 [notice] 1#1: start worker process 29
2024/06/06 17:24:22 [notice] 1#1: start worker process 30
2024/06/06 17:24:22 [notice] 1#1: start worker process 31
2024/06/06 17:31:50 [notice] 1#1: signal 3 (SIGQUIT) received, shutting down
2024/06/06 17:31:50 [notice] 20#20: gracefully shutting down
2024/06/06 17:31:50 [notice] 21#21: gracefully shutting down
2024/06/06 17:31:50 [notice] 23#23: gracefully shutting down
2024/06/06 17:31:50 [notice] 22#22: gracefully shutting down
2024/06/06 17:31:50 [notice] 26#26: gracefully shutting down
2024/06/06 17:31:50 [notice] 29#29: gracefully shutting down
2024/06/06 17:31:50 [notice] 25#25: gracefully shutting down
2024/06/06 17:31:50 [notice] 28#28: gracefully shutting down
2024/06/06 17:31:50 [notice] 31#31: gracefully shutting down
2024/06/06 17:31:50 [notice] 24#24: gracefully shutting down
2024/06/06 17:31:50 [notice] 27#27: gracefully shutting down
2024/06/06 17:31:50 [notice] 30#30: gracefully shutting down
2024/06/06 17:31:50 [notice] 27#27: exiting
2024/06/06 17:31:50 [notice] 20#20: exiting
2024/06/06 17:31:50 [notice] 21#21: exiting
2024/06/06 17:31:50 [notice] 23#23: exiting
2024/06/06 17:31:50 [notice] 22#22: exiting
2024/06/06 17:31:50 [notice] 26#26: exiting
2024/06/06 17:31:50 [notice] 29#29: exiting
2024/06/06 17:31:50 [notice] 28#28: exiting
2024/06/06 17:31:50 [notice] 31#31: exiting
2024/06/06 17:31:50 [notice] 25#25: exiting
2024/06/06 17:31:50 [notice] 24#24: exiting
2024/06/06 17:31:50 [notice] 24#24: exit
2024/06/06 17:31:50 [notice] 30#30: exiting
2024/06/06 17:31:50 [notice] 27#27: exit
2024/06/06 17:31:50 [notice] 20#20: exit
2024/06/06 17:31:50 [notice] 21#21: exit
2024/06/06 17:31:50 [notice] 23#23: exit
2024/06/06 17:31:50 [notice] 22#22: exit
2024/06/06 17:31:50 [notice] 26#26: exit
2024/06/06 17:31:50 [notice] 29#29: exit
2024/06/06 17:31:50 [notice] 28#28: exit
2024/06/06 17:31:50 [notice] 31#31: exit
2024/06/06 17:31:50 [notice] 25#25: exit
2024/06/06 17:31:50 [notice] 30#30: exit
2024/06/06 17:31:50 [notice] 1#1: signal 17 (SIGCHLD) received from 21
2024/06/06 17:31:50 [notice] 1#1: worker process 21 exited with code 0
2024/06/06 17:31:50 [notice] 1#1: signal 29 (SIGIO) received
2024/06/06 17:31:50 [notice] 1#1: signal 17 (SIGCHLD) received from 31
2024/06/06 17:31:50 [notice] 1#1: worker process 20 exited with code 0
2024/06/06 17:31:50 [notice] 1#1: worker process 24 exited with code 0
2024/06/06 17:31:50 [notice] 1#1: worker process 26 exited with code 0
2024/06/06 17:31:50 [notice] 1#1: worker process 28 exited with code 0
2024/06/06 17:31:50 [notice] 1#1: worker process 29 exited with code 0
2024/06/06 17:31:50 [notice] 1#1: worker process 30 exited with code 0
2024/06/06 17:31:50 [notice] 1#1: worker process 31 exited with code 0
2024/06/06 17:31:50 [notice] 1#1: signal 29 (SIGIO) received
2024/06/06 17:31:50 [notice] 1#1: signal 17 (SIGCHLD) received from 23
2024/06/06 17:31:50 [notice] 1#1: worker process 22 exited with code 0
2024/06/06 17:31:50 [notice] 1#1: worker process 23 exited with code 0
2024/06/06 17:31:50 [notice] 1#1: worker process 25 exited with code 0
2024/06/06 17:31:50 [notice] 1#1: worker process 27 exited with code 0
2024/06/06 17:31:50 [notice] 1#1: exit
2024/06/06 17:31:59 [notice] 1#1: using the "epoll" event method
2024/06/06 17:31:59 [notice] 1#1: nginx/1.25.5
2024/06/06 17:31:59 [notice] 1#1: built by gcc 12.2.0 (Debian 12.2.0-14) 
2024/06/06 17:31:59 [notice] 1#1: OS: Linux 5.15.146.1-microsoft-standard-WSL2
2024/06/06 17:31:59 [notice] 1#1: getrlimit(RLIMIT_NOFILE): 1048576:1048576
2024/06/06 17:31:59 [notice] 1#1: start worker processes
2024/06/06 17:31:59 [notice] 1#1: start worker process 20
2024/06/06 17:31:59 [notice] 1#1: start worker process 21
2024/06/06 17:31:59 [notice] 1#1: start worker process 22
2024/06/06 17:31:59 [notice] 1#1: start worker process 23
2024/06/06 17:31:59 [notice] 1#1: start worker process 24
2024/06/06 17:31:59 [notice] 1#1: start worker process 25
2024/06/06 17:31:59 [notice] 1#1: start worker process 26
2024/06/06 17:31:59 [notice] 1#1: start worker process 27
2024/06/06 17:31:59 [notice] 1#1: start worker process 28
2024/06/06 17:31:59 [notice] 1#1: start worker process 29
2024/06/06 17:31:59 [notice] 1#1: start worker process 30
2024/06/06 17:31:59 [notice] 1#1: start worker process 31
2024/06/06 17:32:45 [notice] 1#1: signal 3 (SIGQUIT) received, shutting down
2024/06/06 17:32:45 [notice] 20#20: gracefully shutting down
2024/06/06 17:32:45 [notice] 22#22: gracefully shutting down
2024/06/06 17:32:45 [notice] 23#23: gracefully shutting down
2024/06/06 17:32:45 [notice] 26#26: gracefully shutting down
2024/06/06 17:32:45 [notice] 24#24: gracefully shutting down
2024/06/06 17:32:45 [notice] 25#25: gracefully shutting down
2024/06/06 17:32:45 [notice] 21#21: gracefully shutting down
2024/06/06 17:32:45 [notice] 28#28: gracefully shutting down
2024/06/06 17:32:45 [notice] 29#29: gracefully shutting down
2024/06/06 17:32:45 [notice] 30#30: gracefully shutting down
2024/06/06 17:32:45 [notice] 27#27: gracefully shutting down
2024/06/06 17:32:45 [notice] 31#31: gracefully shutting down
2024/06/06 17:32:45 [notice] 20#20: exiting
2024/06/06 17:32:45 [notice] 22#22: exiting
2024/06/06 17:32:45 [notice] 23#23: exiting
2024/06/06 17:32:45 [notice] 26#26: exiting
2024/06/06 17:32:45 [notice] 24#24: exiting
2024/06/06 17:32:45 [notice] 25#25: exiting
2024/06/06 17:32:45 [notice] 21#21: exiting
2024/06/06 17:32:45 [notice] 28#28: exiting
2024/06/06 17:32:45 [notice] 29#29: exiting
2024/06/06 17:32:45 [notice] 30#30: exiting
2024/06/06 17:32:45 [notice] 27#27: exiting
2024/06/06 17:32:45 [notice] 31#31: exiting
2024/06/06 17:32:45 [notice] 20#20: exit
2024/06/06 17:32:45 [notice] 22#22: exit
2024/06/06 17:32:45 [notice] 23#23: exit
2024/06/06 17:32:45 [notice] 26#26: exit
2024/06/06 17:32:45 [notice] 24#24: exit
2024/06/06 17:32:45 [notice] 25#25: exit
2024/06/06 17:32:45 [notice] 21#21: exit
2024/06/06 17:32:45 [notice] 28#28: exit
2024/06/06 17:32:45 [notice] 29#29: exit
2024/06/06 17:32:45 [notice] 30#30: exit
2024/06/06 17:32:45 [notice] 27#27: exit
2024/06/06 17:32:45 [notice] 31#31: exit
2024/06/06 17:32:45 [notice] 1#1: signal 17 (SIGCHLD) received from 20
2024/06/06 17:32:45 [notice] 1#1: worker process 20 exited with code 0
2024/06/06 17:32:45 [notice] 1#1: worker process 21 exited with code 0
2024/06/06 17:32:45 [notice] 1#1: worker process 24 exited with code 0
2024/06/06 17:32:45 [notice] 1#1: worker process 25 exited with code 0
2024/06/06 17:32:45 [notice] 1#1: worker process 27 exited with code 0
2024/06/06 17:32:45 [notice] 1#1: signal 29 (SIGIO) received
2024/06/06 17:32:45 [notice] 1#1: signal 17 (SIGCHLD) received from 24
2024/06/06 17:32:45 [notice] 1#1: signal 17 (SIGCHLD) received from 26
2024/06/06 17:32:45 [notice] 1#1: worker process 22 exited with code 0
2024/06/06 17:32:45 [notice] 1#1: worker process 26 exited with code 0
2024/06/06 17:32:45 [notice] 1#1: worker process 28 exited with code 0
2024/06/06 17:32:45 [notice] 1#1: worker process 30 exited with code 0
2024/06/06 17:32:45 [notice] 1#1: worker process 31 exited with code 0
2024/06/06 17:32:45 [notice] 1#1: signal 29 (SIGIO) received
2024/06/06 17:32:45 [notice] 1#1: signal 17 (SIGCHLD) received from 28
2024/06/06 17:32:45 [notice] 1#1: signal 17 (SIGCHLD) received from 23
2024/06/06 17:32:45 [notice] 1#1: worker process 23 exited with code 0
2024/06/06 17:32:45 [notice] 1#1: worker process 29 exited with code 0
2024/06/06 17:32:45 [notice] 1#1: exit
2024/06/06 17:32:56 [notice] 1#1: using the "epoll" event method
2024/06/06 17:32:56 [notice] 1#1: nginx/1.25.5
2024/06/06 17:32:56 [notice] 1#1: built by gcc 12.2.0 (Debian 12.2.0-14) 
2024/06/06 17:32:56 [notice] 1#1: OS: Linux 5.15.146.1-microsoft-standard-WSL2
2024/06/06 17:32:56 [notice] 1#1: getrlimit(RLIMIT_NOFILE): 1048576:1048576
2024/06/06 17:32:56 [notice] 1#1: start worker processes
2024/06/06 17:32:56 [notice] 1#1: start worker process 20
2024/06/06 17:32:56 [notice] 1#1: start worker process 21
2024/06/06 17:32:56 [notice] 1#1: start worker process 22
2024/06/06 17:32:56 [notice] 1#1: start worker process 23
2024/06/06 17:32:56 [notice] 1#1: start worker process 24
2024/06/06 17:32:56 [notice] 1#1: start worker process 25
2024/06/06 17:32:56 [notice] 1#1: start worker process 26
2024/06/06 17:32:56 [notice] 1#1: start worker process 27
2024/06/06 17:32:56 [notice] 1#1: start worker process 28
2024/06/06 17:32:56 [notice] 1#1: start worker process 29
2024/06/06 17:32:56 [notice] 1#1: start worker process 30
2024/06/06 17:32:56 [notice] 1#1: start worker process 31
2024/06/06 17:34:46 [notice] 1#1: signal 3 (SIGQUIT) received, shutting down
2024/06/06 17:34:46 [notice] 20#20: gracefully shutting down
2024/06/06 17:34:46 [notice] 21#21: gracefully shutting down
2024/06/06 17:34:46 [notice] 22#22: gracefully shutting down
2024/06/06 17:34:46 [notice] 22#22: exiting
2024/06/06 17:34:46 [notice] 23#23: gracefully shutting down
2024/06/06 17:34:46 [notice] 24#24: gracefully shutting down
2024/06/06 17:34:46 [notice] 25#25: gracefully shutting down
2024/06/06 17:34:46 [notice] 27#27: gracefully shutting down
2024/06/06 17:34:46 [notice] 28#28: gracefully shutting down
2024/06/06 17:34:46 [notice] 26#26: gracefully shutting down
2024/06/06 17:34:46 [notice] 26#26: exiting
2024/06/06 17:34:46 [notice] 29#29: gracefully shutting down
2024/06/06 17:34:46 [notice] 30#30: gracefully shutting down
2024/06/06 17:34:46 [notice] 31#31: gracefully shutting down
2024/06/06 17:34:46 [notice] 20#20: exiting
2024/06/06 17:34:46 [notice] 21#21: exiting
2024/06/06 17:34:46 [notice] 22#22: exit
2024/06/06 17:34:46 [notice] 23#23: exiting
2024/06/06 17:34:46 [notice] 24#24: exiting
2024/06/06 17:34:46 [notice] 25#25: exiting
2024/06/06 17:34:46 [notice] 27#27: exiting
2024/06/06 17:34:46 [notice] 28#28: exiting
2024/06/06 17:34:46 [notice] 26#26: exit
2024/06/06 17:34:46 [notice] 29#29: exiting
2024/06/06 17:34:46 [notice] 30#30: exiting
2024/06/06 17:34:46 [notice] 31#31: exiting
2024/06/06 17:34:46 [notice] 20#20: exit
2024/06/06 17:34:46 [notice] 21#21: exit
2024/06/06 17:34:46 [notice] 23#23: exit
2024/06/06 17:34:46 [notice] 24#24: exit
2024/06/06 17:34:46 [notice] 25#25: exit
2024/06/06 17:34:46 [notice] 27#27: exit
2024/06/06 17:34:46 [notice] 28#28: exit
2024/06/06 17:34:46 [notice] 29#29: exit
2024/06/06 17:34:46 [notice] 30#30: exit
2024/06/06 17:34:46 [notice] 31#31: exit
2024/06/06 17:34:46 [notice] 1#1: signal 17 (SIGCHLD) received from 21
2024/06/06 17:34:46 [notice] 1#1: worker process 21 exited with code 0
2024/06/06 17:34:46 [notice] 1#1: worker process 22 exited with code 0
2024/06/06 17:34:46 [notice] 1#1: signal 29 (SIGIO) received
2024/06/06 17:34:46 [notice] 1#1: signal 17 (SIGCHLD) received from 24
2024/06/06 17:34:46 [notice] 1#1: worker process 24 exited with code 0
2024/06/06 17:34:46 [notice] 1#1: worker process 25 exited with code 0
2024/06/06 17:34:46 [notice] 1#1: worker process 26 exited with code 0
2024/06/06 17:34:46 [notice] 1#1: worker process 28 exited with code 0
2024/06/06 17:34:46 [notice] 1#1: worker process 30 exited with code 0
2024/06/06 17:34:46 [notice] 1#1: signal 29 (SIGIO) received
2024/06/06 17:34:46 [notice] 1#1: signal 17 (SIGCHLD) received from 26
2024/06/06 17:34:46 [notice] 1#1: signal 17 (SIGCHLD) received from 29
2024/06/06 17:34:46 [notice] 1#1: worker process 20 exited with code 0
2024/06/06 17:34:46 [notice] 1#1: worker process 23 exited with code 0
2024/06/06 17:34:46 [notice] 1#1: worker process 27 exited with code 0
2024/06/06 17:34:46 [notice] 1#1: worker process 29 exited with code 0
2024/06/06 17:34:46 [notice] 1#1: signal 29 (SIGIO) received
2024/06/06 17:34:46 [notice] 1#1: signal 17 (SIGCHLD) received from 31
2024/06/06 17:34:46 [notice] 1#1: worker process 31 exited with code 0
2024/06/06 17:34:46 [notice] 1#1: exit
2024/06/06 17:34:54 [notice] 1#1: using the "epoll" event method
2024/06/06 17:34:54 [notice] 1#1: nginx/1.25.5
2024/06/06 17:34:54 [notice] 1#1: built by gcc 12.2.0 (Debian 12.2.0-14) 
2024/06/06 17:34:54 [notice] 1#1: OS: Linux 5.15.146.1-microsoft-standard-WSL2
2024/06/06 17:34:54 [notice] 1#1: getrlimit(RLIMIT_NOFILE): 1048576:1048576
2024/06/06 17:34:54 [notice] 1#1: start worker processes
2024/06/06 17:34:54 [notice] 1#1: start worker process 29
2024/06/06 17:34:54 [notice] 1#1: start worker process 30
2024/06/06 17:34:54 [notice] 1#1: start worker process 31
2024/06/06 17:34:54 [notice] 1#1: start worker process 32
2024/06/06 17:34:54 [notice] 1#1: start worker process 33
2024/06/06 17:34:54 [notice] 1#1: start worker process 34
2024/06/06 17:34:54 [notice] 1#1: start worker process 35
2024/06/06 17:34:54 [notice] 1#1: start worker process 36
2024/06/06 17:34:54 [notice] 1#1: start worker process 37
2024/06/06 17:34:54 [notice] 1#1: start worker process 38
2024/06/06 17:34:54 [notice] 1#1: start worker process 39
2024/06/06 17:34:54 [notice] 1#1: start worker process 40
2024/06/06 17:45:19 [notice] 1#1: signal 3 (SIGQUIT) received, shutting down
2024/06/06 17:45:19 [notice] 35#35: gracefully shutting down
2024/06/06 17:45:19 [notice] 38#38: gracefully shutting down
2024/06/06 17:45:19 [notice] 34#34: gracefully shutting down
2024/06/06 17:45:19 [notice] 34#34: exiting
2024/06/06 17:45:19 [notice] 36#36: gracefully shutting down
2024/06/06 17:45:19 [notice] 33#33: gracefully shutting down
2024/06/06 17:45:19 [notice] 32#32: gracefully shutting down
2024/06/06 17:45:19 [notice] 32#32: exiting
2024/06/06 17:45:19 [notice] 31#31: gracefully shutting down
2024/06/06 17:45:19 [notice] 37#37: gracefully shutting down
2024/06/06 17:45:19 [notice] 40#40: gracefully shutting down
2024/06/06 17:45:19 [notice] 29#29: gracefully shutting down
2024/06/06 17:45:19 [notice] 29#29: exiting
2024/06/06 17:45:19 [notice] 39#39: gracefully shutting down
2024/06/06 17:45:19 [notice] 39#39: exiting
2024/06/06 17:45:19 [notice] 30#30: gracefully shutting down
2024/06/06 17:45:19 [notice] 35#35: exiting
2024/06/06 17:45:19 [notice] 30#30: exiting
2024/06/06 17:45:19 [notice] 38#38: exiting
2024/06/06 17:45:19 [notice] 34#34: exit
2024/06/06 17:45:19 [notice] 36#36: exiting
2024/06/06 17:45:19 [notice] 33#33: exiting
2024/06/06 17:45:19 [notice] 32#32: exit
2024/06/06 17:45:19 [notice] 31#31: exiting
2024/06/06 17:45:19 [notice] 37#37: exiting
2024/06/06 17:45:19 [notice] 40#40: exiting
2024/06/06 17:45:19 [notice] 29#29: exit
2024/06/06 17:45:19 [notice] 39#39: exit
2024/06/06 17:45:19 [notice] 35#35: exit
2024/06/06 17:45:19 [notice] 30#30: exit
2024/06/06 17:45:19 [notice] 38#38: exit
2024/06/06 17:45:19 [notice] 36#36: exit
2024/06/06 17:45:19 [notice] 33#33: exit
2024/06/06 17:45:19 [notice] 31#31: exit
2024/06/06 17:45:19 [notice] 40#40: exit
2024/06/06 17:45:19 [notice] 37#37: exit
2024/06/06 17:45:19 [notice] 1#1: signal 17 (SIGCHLD) received from 37
2024/06/06 17:45:19 [notice] 1#1: worker process 37 exited with code 0
2024/06/06 17:45:19 [notice] 1#1: signal 29 (SIGIO) received
2024/06/06 17:45:19 [notice] 1#1: signal 17 (SIGCHLD) received from 34
2024/06/06 17:45:19 [notice] 1#1: worker process 34 exited with code 0
2024/06/06 17:45:19 [notice] 1#1: signal 29 (SIGIO) received
2024/06/06 17:45:19 [notice] 1#1: signal 17 (SIGCHLD) received from 40
2024/06/06 17:45:19 [notice] 1#1: worker process 31 exited with code 0
2024/06/06 17:45:19 [notice] 1#1: worker process 33 exited with code 0
2024/06/06 17:45:19 [notice] 1#1: worker process 35 exited with code 0
2024/06/06 17:45:19 [notice] 1#1: worker process 38 exited with code 0
2024/06/06 17:45:19 [notice] 1#1: worker process 40 exited with code 0
2024/06/06 17:45:19 [notice] 1#1: signal 29 (SIGIO) received
2024/06/06 17:45:19 [notice] 1#1: signal 17 (SIGCHLD) received from 31
2024/06/06 17:45:19 [notice] 1#1: signal 17 (SIGCHLD) received from 36
2024/06/06 17:45:19 [notice] 1#1: worker process 36 exited with code 0
2024/06/06 17:45:19 [notice] 1#1: signal 29 (SIGIO) received
2024/06/06 17:45:19 [notice] 1#1: signal 17 (SIGCHLD) received from 39
2024/06/06 17:45:19 [notice] 1#1: worker process 39 exited with code 0
2024/06/06 17:45:19 [notice] 1#1: signal 29 (SIGIO) received
2024/06/06 17:45:19 [notice] 1#1: signal 17 (SIGCHLD) received from 32
2024/06/06 17:45:19 [notice] 1#1: worker process 29 exited with code 0
2024/06/06 17:45:19 [notice] 1#1: worker process 30 exited with code 0
2024/06/06 17:45:19 [notice] 1#1: worker process 32 exited with code 0
2024/06/06 17:45:19 [notice] 1#1: exit
2024/06/06 17:46:40 [notice] 1#1: using the "epoll" event method
2024/06/06 17:46:40 [notice] 1#1: nginx/1.25.5
2024/06/06 17:46:40 [notice] 1#1: built by gcc 12.2.0 (Debian 12.2.0-14) 
2024/06/06 17:46:40 [notice] 1#1: OS: Linux 5.15.146.1-microsoft-standard-WSL2
2024/06/06 17:46:40 [notice] 1#1: getrlimit(RLIMIT_NOFILE): 1048576:1048576
2024/06/06 17:46:40 [notice] 1#1: start worker processes
2024/06/06 17:46:40 [notice] 1#1: start worker process 28
2024/06/06 17:46:40 [notice] 1#1: start worker process 29
2024/06/06 17:46:40 [notice] 1#1: start worker process 30
2024/06/06 17:46:40 [notice] 1#1: start worker process 31
2024/06/06 17:46:40 [notice] 1#1: start worker process 32
2024/06/06 17:46:40 [notice] 1#1: start worker process 33
2024/06/06 17:46:40 [notice] 1#1: start worker process 34
2024/06/06 17:46:40 [notice] 1#1: start worker process 35
2024/06/06 17:46:40 [notice] 1#1: start worker process 36
2024/06/06 17:46:40 [notice] 1#1: start worker process 37
2024/06/06 17:46:40 [notice] 1#1: start worker process 38
2024/06/06 17:46:40 [notice] 1#1: start worker process 39
2024/06/06 17:48:03 [notice] 1#1: signal 3 (SIGQUIT) received, shutting down
2024/06/06 17:48:03 [notice] 28#28: gracefully shutting down
2024/06/06 17:48:03 [notice] 32#32: gracefully shutting down
2024/06/06 17:48:03 [notice] 31#31: gracefully shutting down
2024/06/06 17:48:03 [notice] 29#29: gracefully shutting down
2024/06/06 17:48:03 [notice] 35#35: gracefully shutting down
2024/06/06 17:48:03 [notice] 36#36: gracefully shutting down
2024/06/06 17:48:03 [notice] 37#37: gracefully shutting down
2024/06/06 17:48:03 [notice] 34#34: gracefully shutting down
2024/06/06 17:48:03 [notice] 30#30: gracefully shutting down
2024/06/06 17:48:03 [notice] 33#33: gracefully shutting down
2024/06/06 17:48:03 [notice] 39#39: gracefully shutting down
2024/06/06 17:48:03 [notice] 38#38: gracefully shutting down
2024/06/06 17:48:03 [notice] 28#28: exiting
2024/06/06 17:48:03 [notice] 32#32: exiting
2024/06/06 17:48:03 [notice] 31#31: exiting
2024/06/06 17:48:03 [notice] 29#29: exiting
2024/06/06 17:48:03 [notice] 35#35: exiting
2024/06/06 17:48:03 [notice] 36#36: exiting
2024/06/06 17:48:03 [notice] 37#37: exiting
2024/06/06 17:48:03 [notice] 34#34: exiting
2024/06/06 17:48:03 [notice] 30#30: exiting
2024/06/06 17:48:03 [notice] 33#33: exiting
2024/06/06 17:48:03 [notice] 39#39: exiting
2024/06/06 17:48:03 [notice] 38#38: exiting
2024/06/06 17:48:03 [notice] 28#28: exit
2024/06/06 17:48:03 [notice] 32#32: exit
2024/06/06 17:48:03 [notice] 31#31: exit
2024/06/06 17:48:03 [notice] 29#29: exit
2024/06/06 17:48:03 [notice] 35#35: exit
2024/06/06 17:48:03 [notice] 36#36: exit
2024/06/06 17:48:03 [notice] 37#37: exit
2024/06/06 17:48:03 [notice] 34#34: exit
2024/06/06 17:48:03 [notice] 30#30: exit
2024/06/06 17:48:03 [notice] 33#33: exit
2024/06/06 17:48:03 [notice] 39#39: exit
2024/06/06 17:48:03 [notice] 38#38: exit
2024/06/06 17:48:03 [notice] 1#1: signal 17 (SIGCHLD) received from 36
2024/06/06 17:48:03 [notice] 1#1: worker process 28 exited with code 0
2024/06/06 17:48:03 [notice] 1#1: worker process 29 exited with code 0
2024/06/06 17:48:03 [notice] 1#1: worker process 31 exited with code 0
2024/06/06 17:48:03 [notice] 1#1: worker process 32 exited with code 0
2024/06/06 17:48:03 [notice] 1#1: worker process 34 exited with code 0
2024/06/06 17:48:03 [notice] 1#1: worker process 35 exited with code 0
2024/06/06 17:48:03 [notice] 1#1: worker process 36 exited with code 0
2024/06/06 17:48:03 [notice] 1#1: worker process 37 exited with code 0
2024/06/06 17:48:03 [notice] 1#1: worker process 38 exited with code 0
2024/06/06 17:48:03 [notice] 1#1: signal 29 (SIGIO) received
2024/06/06 17:48:03 [notice] 1#1: signal 17 (SIGCHLD) received from 37
2024/06/06 17:48:03 [notice] 1#1: signal 17 (SIGCHLD) received from 33
2024/06/06 17:48:03 [notice] 1#1: worker process 33 exited with code 0
2024/06/06 17:48:03 [notice] 1#1: worker process 39 exited with code 0
2024/06/06 17:48:03 [notice] 1#1: signal 29 (SIGIO) received
2024/06/06 17:48:03 [notice] 1#1: signal 17 (SIGCHLD) received from 30
2024/06/06 17:48:03 [notice] 1#1: worker process 30 exited with code 0
2024/06/06 17:48:03 [notice] 1#1: exit
2024/06/06 17:48:24 [notice] 1#1: using the "epoll" event method
2024/06/06 17:48:24 [notice] 1#1: nginx/1.25.5
2024/06/06 17:48:24 [notice] 1#1: built by gcc 12.2.0 (Debian 12.2.0-14) 
2024/06/06 17:48:24 [notice] 1#1: OS: Linux 5.15.146.1-microsoft-standard-WSL2
2024/06/06 17:48:24 [notice] 1#1: getrlimit(RLIMIT_NOFILE): 1048576:1048576
2024/06/06 17:48:24 [notice] 1#1: start worker processes
2024/06/06 17:48:24 [notice] 1#1: start worker process 28
2024/06/06 17:48:24 [notice] 1#1: start worker process 29
2024/06/06 17:48:24 [notice] 1#1: start worker process 30
2024/06/06 17:48:24 [notice] 1#1: start worker process 31
2024/06/06 17:48:24 [notice] 1#1: start worker process 32
2024/06/06 17:48:24 [notice] 1#1: start worker process 33
2024/06/06 17:48:24 [notice] 1#1: start worker process 34
2024/06/06 17:48:24 [notice] 1#1: start worker process 35
2024/06/06 17:48:24 [notice] 1#1: start worker process 36
2024/06/06 17:48:24 [notice] 1#1: start worker process 37
2024/06/06 17:48:24 [notice] 1#1: start worker process 38
2024/06/06 17:48:24 [notice] 1#1: start worker process 39
2024/06/06 17:49:24 [notice] 1#1: signal 3 (SIGQUIT) received, shutting down
2024/06/06 17:49:24 [notice] 28#28: gracefully shutting down
2024/06/06 17:49:24 [notice] 29#29: gracefully shutting down
2024/06/06 17:49:24 [notice] 30#30: gracefully shutting down
2024/06/06 17:49:24 [notice] 31#31: gracefully shutting down
2024/06/06 17:49:24 [notice] 32#32: gracefully shutting down
2024/06/06 17:49:24 [notice] 33#33: gracefully shutting down
2024/06/06 17:49:24 [notice] 33#33: exiting
2024/06/06 17:49:24 [notice] 35#35: gracefully shutting down
2024/06/06 17:49:24 [notice] 35#35: exiting
2024/06/06 17:49:24 [notice] 36#36: gracefully shutting down
2024/06/06 17:49:24 [notice] 38#38: gracefully shutting down
2024/06/06 17:49:24 [notice] 38#38: exiting
2024/06/06 17:49:24 [notice] 37#37: gracefully shutting down
2024/06/06 17:49:24 [notice] 39#39: gracefully shutting down
2024/06/06 17:49:24 [notice] 28#28: exiting
2024/06/06 17:49:24 [notice] 34#34: gracefully shutting down
2024/06/06 17:49:24 [notice] 34#34: exiting
2024/06/06 17:49:24 [notice] 29#29: exiting
2024/06/06 17:49:24 [notice] 30#30: exiting
2024/06/06 17:49:24 [notice] 31#31: exiting
2024/06/06 17:49:24 [notice] 32#32: exiting
2024/06/06 17:49:24 [notice] 33#33: exit
2024/06/06 17:49:24 [notice] 35#35: exit
2024/06/06 17:49:24 [notice] 36#36: exiting
2024/06/06 17:49:24 [notice] 38#38: exit
2024/06/06 17:49:24 [notice] 37#37: exiting
2024/06/06 17:49:24 [notice] 39#39: exiting
2024/06/06 17:49:24 [notice] 28#28: exit
2024/06/06 17:49:24 [notice] 34#34: exit
2024/06/06 17:49:24 [notice] 29#29: exit
2024/06/06 17:49:24 [notice] 30#30: exit
2024/06/06 17:49:24 [notice] 31#31: exit
2024/06/06 17:49:24 [notice] 32#32: exit
2024/06/06 17:49:24 [notice] 36#36: exit
2024/06/06 17:49:24 [notice] 37#37: exit
2024/06/06 17:49:24 [notice] 39#39: exit
2024/06/06 17:49:24 [notice] 1#1: signal 17 (SIGCHLD) received from 39
2024/06/06 17:49:24 [notice] 1#1: worker process 28 exited with code 0
2024/06/06 17:49:24 [notice] 1#1: worker process 32 exited with code 0
2024/06/06 17:49:24 [notice] 1#1: worker process 37 exited with code 0
2024/06/06 17:49:24 [notice] 1#1: worker process 39 exited with code 0
2024/06/06 17:49:25 [notice] 1#1: signal 29 (SIGIO) received
2024/06/06 17:49:25 [notice] 1#1: signal 17 (SIGCHLD) received from 33
2024/06/06 17:49:25 [notice] 1#1: worker process 29 exited with code 0
2024/06/06 17:49:25 [notice] 1#1: worker process 33 exited with code 0
2024/06/06 17:49:25 [notice] 1#1: worker process 35 exited with code 0
2024/06/06 17:49:25 [notice] 1#1: worker process 38 exited with code 0
2024/06/06 17:49:25 [notice] 1#1: signal 29 (SIGIO) received
2024/06/06 17:49:25 [notice] 1#1: signal 17 (SIGCHLD) received from 35
2024/06/06 17:49:25 [notice] 1#1: signal 17 (SIGCHLD) received from 34
2024/06/06 17:49:25 [notice] 1#1: worker process 30 exited with code 0
2024/06/06 17:49:25 [notice] 1#1: worker process 34 exited with code 0
2024/06/06 17:49:25 [notice] 1#1: worker process 36 exited with code 0
2024/06/06 17:49:25 [notice] 1#1: signal 29 (SIGIO) received
2024/06/06 17:49:25 [notice] 1#1: signal 17 (SIGCHLD) received from 36
2024/06/06 17:49:25 [notice] 1#1: signal 17 (SIGCHLD) received from 31
2024/06/06 17:49:25 [notice] 1#1: worker process 31 exited with code 0
2024/06/06 17:49:25 [notice] 1#1: exit
2024/06/06 17:49:36 [notice] 1#1: using the "epoll" event method
2024/06/06 17:49:36 [notice] 1#1: nginx/1.25.5
2024/06/06 17:49:36 [notice] 1#1: built by gcc 12.2.0 (Debian 12.2.0-14) 
2024/06/06 17:49:36 [notice] 1#1: OS: Linux 5.15.146.1-microsoft-standard-WSL2
2024/06/06 17:49:36 [notice] 1#1: getrlimit(RLIMIT_NOFILE): 1048576:1048576
2024/06/06 17:49:36 [notice] 1#1: start worker processes
2024/06/06 17:49:36 [notice] 1#1: start worker process 28
2024/06/06 17:49:36 [notice] 1#1: start worker process 29
2024/06/06 17:49:36 [notice] 1#1: start worker process 30
2024/06/06 17:49:36 [notice] 1#1: start worker process 31
2024/06/06 17:49:36 [notice] 1#1: start worker process 32
2024/06/06 17:49:36 [notice] 1#1: start worker process 33
2024/06/06 17:49:36 [notice] 1#1: start worker process 34
2024/06/06 17:49:36 [notice] 1#1: start worker process 35
2024/06/06 17:49:36 [notice] 1#1: start worker process 36
2024/06/06 17:49:36 [notice] 1#1: start worker process 37
2024/06/06 17:49:36 [notice] 1#1: start worker process 38
2024/06/06 17:49:36 [notice] 1#1: start worker process 39
2024/06/06 17:51:56 [notice] 1#1: signal 3 (SIGQUIT) received, shutting down
2024/06/06 17:51:56 [notice] 29#29: gracefully shutting down
2024/06/06 17:51:56 [notice] 31#31: gracefully shutting down
2024/06/06 17:51:56 [notice] 32#32: gracefully shutting down
2024/06/06 17:51:56 [notice] 34#34: gracefully shutting down
2024/06/06 17:51:56 [notice] 32#32: exiting
2024/06/06 17:51:56 [notice] 33#33: gracefully shutting down
2024/06/06 17:51:56 [notice] 35#35: gracefully shutting down
2024/06/06 17:51:56 [notice] 36#36: gracefully shutting down
2024/06/06 17:51:56 [notice] 30#30: gracefully shutting down
2024/06/06 17:51:56 [notice] 37#37: gracefully shutting down
2024/06/06 17:51:56 [notice] 38#38: gracefully shutting down
2024/06/06 17:51:56 [notice] 39#39: gracefully shutting down
2024/06/06 17:51:56 [notice] 28#28: gracefully shutting down
2024/06/06 17:51:56 [notice] 29#29: exiting
2024/06/06 17:51:56 [notice] 31#31: exiting
2024/06/06 17:51:56 [notice] 34#34: exiting
2024/06/06 17:51:56 [notice] 32#32: exit
2024/06/06 17:51:56 [notice] 33#33: exiting
2024/06/06 17:51:56 [notice] 35#35: exiting
2024/06/06 17:51:56 [notice] 36#36: exiting
2024/06/06 17:51:56 [notice] 30#30: exiting
2024/06/06 17:51:56 [notice] 37#37: exiting
2024/06/06 17:51:56 [notice] 38#38: exiting
2024/06/06 17:51:56 [notice] 39#39: exiting
2024/06/06 17:51:56 [notice] 39#39: exit
2024/06/06 17:51:56 [notice] 28#28: exiting
2024/06/06 17:51:56 [notice] 29#29: exit
2024/06/06 17:51:56 [notice] 31#31: exit
2024/06/06 17:51:56 [notice] 34#34: exit
2024/06/06 17:51:56 [notice] 33#33: exit
2024/06/06 17:51:56 [notice] 35#35: exit
2024/06/06 17:51:56 [notice] 36#36: exit
2024/06/06 17:51:56 [notice] 30#30: exit
2024/06/06 17:51:56 [notice] 37#37: exit
2024/06/06 17:51:56 [notice] 38#38: exit
2024/06/06 17:51:56 [notice] 28#28: exit
2024/06/06 17:51:56 [notice] 1#1: signal 17 (SIGCHLD) received from 31
2024/06/06 17:51:56 [notice] 1#1: worker process 31 exited with code 0
2024/06/06 17:51:56 [notice] 1#1: signal 29 (SIGIO) received
2024/06/06 17:51:56 [notice] 1#1: signal 17 (SIGCHLD) received from 32
2024/06/06 17:51:56 [notice] 1#1: worker process 32 exited with code 0
2024/06/06 17:51:56 [notice] 1#1: signal 29 (SIGIO) received
2024/06/06 17:51:56 [notice] 1#1: signal 17 (SIGCHLD) received from 34
2024/06/06 17:51:56 [notice] 1#1: worker process 34 exited with code 0
2024/06/06 17:51:56 [notice] 1#1: signal 29 (SIGIO) received
2024/06/06 17:51:56 [notice] 1#1: signal 17 (SIGCHLD) received from 29
2024/06/06 17:51:56 [notice] 1#1: worker process 29 exited with code 0
2024/06/06 17:51:56 [notice] 1#1: worker process 39 exited with code 0
2024/06/06 17:51:56 [notice] 1#1: signal 29 (SIGIO) received
2024/06/06 17:51:56 [notice] 1#1: signal 17 (SIGCHLD) received from 28
2024/06/06 17:51:56 [notice] 1#1: worker process 28 exited with code 0
2024/06/06 17:51:56 [notice] 1#1: worker process 33 exited with code 0
2024/06/06 17:51:56 [notice] 1#1: worker process 36 exited with code 0
2024/06/06 17:51:56 [notice] 1#1: worker process 38 exited with code 0
2024/06/06 17:51:56 [notice] 1#1: signal 29 (SIGIO) received
2024/06/06 17:51:56 [notice] 1#1: signal 17 (SIGCHLD) received from 38
2024/06/06 17:51:56 [notice] 1#1: signal 17 (SIGCHLD) received from 30
2024/06/06 17:51:56 [notice] 1#1: worker process 30 exited with code 0
2024/06/06 17:51:56 [notice] 1#1: worker process 37 exited with code 0
2024/06/06 17:51:56 [notice] 1#1: signal 29 (SIGIO) received
2024/06/06 17:51:56 [notice] 1#1: signal 17 (SIGCHLD) received from 37
2024/06/06 17:51:56 [notice] 1#1: signal 17 (SIGCHLD) received from 35
2024/06/06 17:51:56 [notice] 1#1: worker process 35 exited with code 0
2024/06/06 17:51:56 [notice] 1#1: exit
2024/06/06 17:52:04 [notice] 1#1: using the "epoll" event method
2024/06/06 17:52:04 [notice] 1#1: nginx/1.25.5
2024/06/06 17:52:04 [notice] 1#1: built by gcc 12.2.0 (Debian 12.2.0-14) 
2024/06/06 17:52:04 [notice] 1#1: OS: Linux 5.15.146.1-microsoft-standard-WSL2
2024/06/06 17:52:04 [notice] 1#1: getrlimit(RLIMIT_NOFILE): 1048576:1048576
2024/06/06 17:52:04 [notice] 1#1: start worker processes
2024/06/06 17:52:04 [notice] 1#1: start worker process 28
2024/06/06 17:52:04 [notice] 1#1: start worker process 29
2024/06/06 17:52:04 [notice] 1#1: start worker process 30
2024/06/06 17:52:04 [notice] 1#1: start worker process 31
2024/06/06 17:52:04 [notice] 1#1: start worker process 32
2024/06/06 17:52:04 [notice] 1#1: start worker process 33
2024/06/06 17:52:04 [notice] 1#1: start worker process 34
2024/06/06 17:52:04 [notice] 1#1: start worker process 35
2024/06/06 17:52:04 [notice] 1#1: start worker process 36
2024/06/06 17:52:04 [notice] 1#1: start worker process 37
2024/06/06 17:52:04 [notice] 1#1: start worker process 38
2024/06/06 17:52:04 [notice] 1#1: start worker process 39
2024/06/09 14:33:07 [notice] 1#1: using the "epoll" event method
2024/06/09 14:33:07 [notice] 1#1: nginx/1.25.5
2024/06/09 14:33:07 [notice] 1#1: built by gcc 12.2.0 (Debian 12.2.0-14) 
2024/06/09 14:33:07 [notice] 1#1: OS: Linux 5.15.146.1-microsoft-standard-WSL2
2024/06/09 14:33:07 [notice] 1#1: getrlimit(RLIMIT_NOFILE): 1048576:1048576
2024/06/09 14:33:07 [notice] 1#1: start worker processes
2024/06/09 14:33:07 [notice] 1#1: start worker process 28
2024/06/09 14:33:07 [notice] 1#1: start worker process 29
2024/06/09 14:33:07 [notice] 1#1: start worker process 30
2024/06/09 14:33:07 [notice] 1#1: start worker process 31
2024/06/09 14:33:07 [notice] 1#1: start worker process 32
2024/06/09 14:33:07 [notice] 1#1: start worker process 33
2024/06/09 14:33:07 [notice] 1#1: start worker process 34
2024/06/09 14:33:07 [notice] 1#1: start worker process 35
2024/06/09 14:33:07 [notice] 1#1: start worker process 36
2024/06/09 14:33:07 [notice] 1#1: start worker process 37
2024/06/09 14:33:07 [notice] 1#1: start worker process 38
2024/06/09 14:33:07 [notice] 1#1: start worker process 39
2024/06/09 14:35:28 [notice] 1#1: signal 3 (SIGQUIT) received, shutting down
2024/06/09 14:35:28 [notice] 28#28: gracefully shutting down
2024/06/09 14:35:28 [notice] 32#32: gracefully shutting down
2024/06/09 14:35:28 [notice] 33#33: gracefully shutting down
2024/06/09 14:35:28 [notice] 39#39: gracefully shutting down
2024/06/09 14:35:28 [notice] 37#37: gracefully shutting down
2024/06/09 14:35:28 [notice] 30#30: gracefully shutting down
2024/06/09 14:35:28 [notice] 36#36: gracefully shutting down
2024/06/09 14:35:28 [notice] 29#29: gracefully shutting down
2024/06/09 14:35:28 [notice] 31#31: gracefully shutting down
2024/06/09 14:35:28 [notice] 35#35: gracefully shutting down
2024/06/09 14:35:28 [notice] 28#28: exiting
2024/06/09 14:35:28 [notice] 34#34: gracefully shutting down
2024/06/09 14:35:28 [notice] 32#32: exiting
2024/06/09 14:35:28 [notice] 34#34: exiting
2024/06/09 14:35:28 [notice] 33#33: exiting
2024/06/09 14:35:28 [notice] 34#34: exit
2024/06/09 14:35:28 [notice] 39#39: exiting
2024/06/09 14:35:28 [notice] 37#37: exiting
2024/06/09 14:35:28 [notice] 36#36: exiting
2024/06/09 14:35:28 [notice] 30#30: exiting
2024/06/09 14:35:28 [notice] 38#38: gracefully shutting down
2024/06/09 14:35:28 [notice] 29#29: exiting
2024/06/09 14:35:28 [notice] 31#31: exiting
2024/06/09 14:35:28 [notice] 35#35: exiting
2024/06/09 14:35:28 [notice] 28#28: exit
2024/06/09 14:35:28 [notice] 32#32: exit
2024/06/09 14:35:28 [notice] 33#33: exit
2024/06/09 14:35:28 [notice] 39#39: exit
2024/06/09 14:35:28 [notice] 37#37: exit
2024/06/09 14:35:28 [notice] 36#36: exit
2024/06/09 14:35:28 [notice] 30#30: exit
2024/06/09 14:35:28 [notice] 38#38: exiting
2024/06/09 14:35:28 [notice] 29#29: exit
2024/06/09 14:35:28 [notice] 31#31: exit
2024/06/09 14:35:28 [notice] 35#35: exit
2024/06/09 14:35:28 [notice] 38#38: exit
2024/06/09 14:35:28 [notice] 1#1: signal 17 (SIGCHLD) received from 29
2024/06/09 14:35:28 [notice] 1#1: worker process 29 exited with code 0
2024/06/09 14:35:28 [notice] 1#1: worker process 32 exited with code 0
2024/06/09 14:35:28 [notice] 1#1: worker process 35 exited with code 0
2024/06/09 14:35:28 [notice] 1#1: worker process 37 exited with code 0
2024/06/09 14:35:28 [notice] 1#1: worker process 38 exited with code 0
2024/06/09 14:35:28 [notice] 1#1: signal 29 (SIGIO) received
2024/06/09 14:35:28 [notice] 1#1: signal 17 (SIGCHLD) received from 28
2024/06/09 14:35:28 [notice] 1#1: worker process 28 exited with code 0
2024/06/09 14:35:28 [notice] 1#1: worker process 30 exited with code 0
2024/06/09 14:35:28 [notice] 1#1: worker process 31 exited with code 0
2024/06/09 14:35:28 [notice] 1#1: worker process 33 exited with code 0
2024/06/09 14:35:28 [notice] 1#1: worker process 39 exited with code 0
2024/06/09 14:35:28 [notice] 1#1: signal 29 (SIGIO) received
2024/06/09 14:35:28 [notice] 1#1: signal 17 (SIGCHLD) received from 31
2024/06/09 14:35:28 [notice] 1#1: signal 17 (SIGCHLD) received from 34
2024/06/09 14:35:28 [notice] 1#1: worker process 34 exited with code 0
2024/06/09 14:35:28 [notice] 1#1: signal 29 (SIGIO) received
2024/06/09 14:35:29 [notice] 1#1: signal 17 (SIGCHLD) received from 36
2024/06/09 14:35:29 [notice] 1#1: worker process 36 exited with code 0
2024/06/09 14:35:29 [notice] 1#1: exit
2024/06/09 14:35:41 [notice] 1#1: using the "epoll" event method
2024/06/09 14:35:41 [notice] 1#1: nginx/1.25.5
2024/06/09 14:35:41 [notice] 1#1: built by gcc 12.2.0 (Debian 12.2.0-14) 
2024/06/09 14:35:41 [notice] 1#1: OS: Linux 5.15.146.1-microsoft-standard-WSL2
2024/06/09 14:35:41 [notice] 1#1: getrlimit(RLIMIT_NOFILE): 1048576:1048576
2024/06/09 14:35:41 [notice] 1#1: start worker processes
2024/06/09 14:35:41 [notice] 1#1: start worker process 28
2024/06/09 14:35:41 [notice] 1#1: start worker process 29
2024/06/09 14:35:41 [notice] 1#1: start worker process 30
2024/06/09 14:35:41 [notice] 1#1: start worker process 31
2024/06/09 14:35:41 [notice] 1#1: start worker process 32
2024/06/09 14:35:41 [notice] 1#1: start worker process 33
2024/06/09 14:35:41 [notice] 1#1: start worker process 34
2024/06/09 14:35:41 [notice] 1#1: start worker process 35
2024/06/09 14:35:41 [notice] 1#1: start worker process 36
2024/06/09 14:35:41 [notice] 1#1: start worker process 37
2024/06/09 14:35:41 [notice] 1#1: start worker process 38
2024/06/09 14:35:41 [notice] 1#1: start worker process 39
2024/06/09 14:45:51 [notice] 1#1: signal 3 (SIGQUIT) received, shutting down
2024/06/09 14:45:51 [notice] 29#29: gracefully shutting down
2024/06/09 14:45:51 [notice] 32#32: gracefully shutting down
2024/06/09 14:45:51 [notice] 33#33: gracefully shutting down
2024/06/09 14:45:51 [notice] 34#34: gracefully shutting down
2024/06/09 14:45:51 [notice] 38#38: gracefully shutting down
2024/06/09 14:45:51 [notice] 35#35: gracefully shutting down
2024/06/09 14:45:51 [notice] 39#39: gracefully shutting down
2024/06/09 14:45:51 [notice] 37#37: gracefully shutting down
2024/06/09 14:45:51 [notice] 31#31: gracefully shutting down
2024/06/09 14:45:51 [notice] 28#28: gracefully shutting down
2024/06/09 14:45:51 [notice] 30#30: gracefully shutting down
2024/06/09 14:45:51 [notice] 36#36: gracefully shutting down
2024/06/09 14:45:51 [notice] 29#29: exiting
2024/06/09 14:45:51 [notice] 32#32: exiting
2024/06/09 14:45:51 [notice] 33#33: exiting
2024/06/09 14:45:51 [notice] 34#34: exiting
2024/06/09 14:45:51 [notice] 38#38: exiting
2024/06/09 14:45:51 [notice] 35#35: exiting
2024/06/09 14:45:51 [notice] 39#39: exiting
2024/06/09 14:45:51 [notice] 37#37: exiting
2024/06/09 14:45:51 [notice] 31#31: exiting
2024/06/09 14:45:51 [notice] 28#28: exiting
2024/06/09 14:45:51 [notice] 30#30: exiting
2024/06/09 14:45:51 [notice] 36#36: exiting
2024/06/09 14:45:51 [notice] 29#29: exit
2024/06/09 14:45:51 [notice] 32#32: exit
2024/06/09 14:45:51 [notice] 33#33: exit
2024/06/09 14:45:51 [notice] 34#34: exit
2024/06/09 14:45:51 [notice] 38#38: exit
2024/06/09 14:45:51 [notice] 35#35: exit
2024/06/09 14:45:51 [notice] 39#39: exit
2024/06/09 14:45:51 [notice] 37#37: exit
2024/06/09 14:45:51 [notice] 31#31: exit
2024/06/09 14:45:51 [notice] 28#28: exit
2024/06/09 14:45:51 [notice] 30#30: exit
2024/06/09 14:45:51 [notice] 36#36: exit
2024/06/09 14:45:51 [notice] 1#1: signal 17 (SIGCHLD) received from 33
2024/06/09 14:45:51 [notice] 1#1: worker process 28 exited with code 0
2024/06/09 14:45:51 [notice] 1#1: worker process 29 exited with code 0
2024/06/09 14:45:51 [notice] 1#1: worker process 30 exited with code 0
2024/06/09 14:45:51 [notice] 1#1: worker process 31 exited with code 0
2024/06/09 14:45:51 [notice] 1#1: worker process 32 exited with code 0
2024/06/09 14:45:51 [notice] 1#1: worker process 33 exited with code 0
2024/06/09 14:45:51 [notice] 1#1: worker process 35 exited with code 0
2024/06/09 14:45:51 [notice] 1#1: worker process 37 exited with code 0
2024/06/09 14:45:51 [notice] 1#1: signal 29 (SIGIO) received
2024/06/09 14:45:51 [notice] 1#1: signal 17 (SIGCHLD) received from 35
2024/06/09 14:45:51 [notice] 1#1: signal 17 (SIGCHLD) received from 34
2024/06/09 14:45:51 [notice] 1#1: worker process 34 exited with code 0
2024/06/09 14:45:51 [notice] 1#1: signal 29 (SIGIO) received
2024/06/09 14:45:51 [notice] 1#1: signal 17 (SIGCHLD) received from 38
2024/06/09 14:45:51 [notice] 1#1: worker process 36 exited with code 0
2024/06/09 14:45:51 [notice] 1#1: worker process 38 exited with code 0
2024/06/09 14:45:51 [notice] 1#1: worker process 39 exited with code 0
2024/06/09 14:45:51 [notice] 1#1: exit
2024/06/09 14:46:16 [notice] 1#1: using the "epoll" event method
2024/06/09 14:46:16 [notice] 1#1: nginx/1.25.5
2024/06/09 14:46:16 [notice] 1#1: built by gcc 12.2.0 (Debian 12.2.0-14) 
2024/06/09 14:46:16 [notice] 1#1: OS: Linux 5.15.146.1-microsoft-standard-WSL2
2024/06/09 14:46:16 [notice] 1#1: getrlimit(RLIMIT_NOFILE): 1048576:1048576
2024/06/09 14:46:16 [notice] 1#1: start worker processes
2024/06/09 14:46:16 [notice] 1#1: start worker process 28
2024/06/09 14:46:16 [notice] 1#1: start worker process 29
2024/06/09 14:46:16 [notice] 1#1: start worker process 30
2024/06/09 14:46:16 [notice] 1#1: start worker process 31
2024/06/09 14:46:16 [notice] 1#1: start worker process 32
2024/06/09 14:46:16 [notice] 1#1: start worker process 33
2024/06/09 14:46:16 [notice] 1#1: start worker process 34
2024/06/09 14:46:16 [notice] 1#1: start worker process 35
2024/06/09 14:46:16 [notice] 1#1: start worker process 36
2024/06/09 14:46:16 [notice] 1#1: start worker process 37
2024/06/09 14:46:16 [notice] 1#1: start worker process 38
2024/06/09 14:46:16 [notice] 1#1: start worker process 39
2024/06/09 15:45:19 [notice] 1#1: signal 3 (SIGQUIT) received, shutting down
2024/06/09 15:45:19 [notice] 30#30: gracefully shutting down
2024/06/09 15:45:19 [notice] 36#36: gracefully shutting down
2024/06/09 15:45:19 [notice] 29#29: gracefully shutting down
2024/06/09 15:45:19 [notice] 36#36: exiting
2024/06/09 15:45:19 [notice] 34#34: gracefully shutting down
2024/06/09 15:45:19 [notice] 36#36: exit
2024/06/09 15:45:19 [notice] 37#37: gracefully shutting down
2024/06/09 15:45:19 [notice] 33#33: gracefully shutting down
2024/06/09 15:45:19 [notice] 39#39: gracefully shutting down
2024/06/09 15:45:19 [notice] 28#28: gracefully shutting down
2024/06/09 15:45:19 [notice] 39#39: exiting
2024/06/09 15:45:19 [notice] 39#39: exit
2024/06/09 15:45:19 [notice] 28#28: exiting
2024/06/09 15:45:19 [notice] 38#38: gracefully shutting down
2024/06/09 15:45:19 [notice] 31#31: gracefully shutting down
2024/06/09 15:45:19 [notice] 32#32: gracefully shutting down
2024/06/09 15:45:19 [notice] 35#35: gracefully shutting down
2024/06/09 15:45:19 [notice] 29#29: exiting
2024/06/09 15:45:19 [notice] 29#29: exit
2024/06/09 15:45:19 [notice] 32#32: exiting
2024/06/09 15:45:19 [notice] 30#30: exiting
2024/06/09 15:45:19 [notice] 34#34: exiting
2024/06/09 15:45:19 [notice] 37#37: exiting
2024/06/09 15:45:19 [notice] 33#33: exiting
2024/06/09 15:45:19 [notice] 37#37: exit
2024/06/09 15:45:19 [notice] 33#33: exit
2024/06/09 15:45:19 [notice] 28#28: exit
2024/06/09 15:45:19 [notice] 38#38: exiting
2024/06/09 15:45:19 [notice] 35#35: exiting
2024/06/09 15:45:19 [notice] 32#32: exit
2024/06/09 15:45:19 [notice] 30#30: exit
2024/06/09 15:45:19 [notice] 34#34: exit
2024/06/09 15:45:19 [notice] 31#31: exiting
2024/06/09 15:45:19 [notice] 38#38: exit
2024/06/09 15:45:19 [notice] 35#35: exit
2024/06/09 15:45:19 [notice] 31#31: exit
2024/06/09 15:45:19 [notice] 1#1: signal 17 (SIGCHLD) received from 39
2024/06/09 15:45:19 [notice] 1#1: worker process 39 exited with code 0
2024/06/09 15:45:19 [notice] 1#1: signal 29 (SIGIO) received
2024/06/09 15:45:19 [notice] 1#1: signal 17 (SIGCHLD) received from 36
2024/06/09 15:45:19 [notice] 1#1: worker process 36 exited with code 0
2024/06/09 15:45:19 [notice] 1#1: signal 29 (SIGIO) received
2024/06/09 15:45:19 [notice] 1#1: signal 17 (SIGCHLD) received from 37
2024/06/09 15:45:19 [notice] 1#1: worker process 31 exited with code 0
2024/06/09 15:45:19 [notice] 1#1: worker process 30 exited with code 0
2024/06/09 15:45:19 [notice] 1#1: worker process 32 exited with code 0
2024/06/09 15:45:19 [notice] 1#1: worker process 35 exited with code 0
2024/06/09 15:45:19 [notice] 1#1: worker process 37 exited with code 0
2024/06/09 15:45:19 [notice] 1#1: signal 29 (SIGIO) received
2024/06/09 15:45:19 [notice] 1#1: signal 17 (SIGCHLD) received from 35
2024/06/09 15:45:19 [notice] 1#1: signal 17 (SIGCHLD) received from 28
2024/06/09 15:45:19 [notice] 1#1: worker process 28 exited with code 0
2024/06/09 15:45:19 [notice] 1#1: worker process 34 exited with code 0
2024/06/09 15:45:19 [notice] 1#1: worker process 29 exited with code 0
2024/06/09 15:45:19 [notice] 1#1: worker process 38 exited with code 0
2024/06/09 15:45:19 [notice] 1#1: signal 29 (SIGIO) received
2024/06/09 15:45:19 [notice] 1#1: signal 17 (SIGCHLD) received from 34
2024/06/09 15:45:19 [notice] 1#1: signal 17 (SIGCHLD) received from 33
2024/06/09 15:45:19 [notice] 1#1: worker process 33 exited with code 0
2024/06/09 15:45:19 [alert] 1#1: unlink() "/var/run/nginx.pid" failed (30: Read-only file system)
2024/06/09 15:45:19 [notice] 1#1: exit
